2025-11-11T11:07:53.099-05:00  INFO 7584 --- [msv1] [main] com.examen.msv1.Msv1Application          : Starting Msv1Application using Java 21.0.8 with PID 7584 (D:\8VO\TallerDesaroollo\Examen_TallerDesarrollo_Sai_Chuquipiondo_Pinchi\Examen_TallerDesarrollo_Sai_Chuquipiondo_Pinchi\msv1\target\classes started by dsaul in D:\8VO\TallerDesaroollo\Examen_TallerDesarrollo_Sai_Chuquipiondo_Pinchi\Examen_TallerDesarrollo_Sai_Chuquipiondo_Pinchi\msv1)
2025-11-11T11:07:53.110-05:00 DEBUG 7584 --- [msv1] [main] com.examen.msv1.Msv1Application          : Running with Spring Boot v3.5.7, Spring v6.2.12
2025-11-11T11:07:53.145-05:00  INFO 7584 --- [msv1] [main] com.examen.msv1.Msv1Application          : No active profile set, falling back to 1 default profile: "default"
2025-11-11T11:07:54.440-05:00  INFO 7584 --- [msv1] [main] .s.d.r.c.RepositoryConfigurationDelegate : Bootstrapping Spring Data JPA repositories in DEFAULT mode.
2025-11-11T11:07:54.516-05:00  INFO 7584 --- [msv1] [main] .s.d.r.c.RepositoryConfigurationDelegate : Finished Spring Data repository scanning in 64 ms. Found 1 JPA repository interface.
2025-11-11T11:07:55.103-05:00  INFO 7584 --- [msv1] [main] o.s.b.w.embedded.tomcat.TomcatWebServer  : Tomcat initialized with port 81 (http)
2025-11-11T11:07:55.119-05:00  INFO 7584 --- [msv1] [main] o.apache.catalina.core.StandardService   : Starting service [Tomcat]
2025-11-11T11:07:55.120-05:00  INFO 7584 --- [msv1] [main] o.apache.catalina.core.StandardEngine    : Starting Servlet engine: [Apache Tomcat/10.1.48]
2025-11-11T11:07:55.185-05:00  INFO 7584 --- [msv1] [main] o.a.c.c.C.[Tomcat].[localhost].[/]       : Initializing Spring embedded WebApplicationContext
2025-11-11T11:07:55.186-05:00  INFO 7584 --- [msv1] [main] w.s.c.ServletWebServerApplicationContext : Root WebApplicationContext: initialization completed in 1946 ms
2025-11-11T11:07:55.630-05:00  INFO 7584 --- [msv1] [main] o.hibernate.jpa.internal.util.LogHelper  : HHH000204: Processing PersistenceUnitInfo [name: default]
2025-11-11T11:07:55.714-05:00  INFO 7584 --- [msv1] [main] org.hibernate.Version                    : HHH000412: Hibernate ORM core version 6.6.33.Final
2025-11-11T11:07:55.797-05:00  INFO 7584 --- [msv1] [main] o.h.c.internal.RegionFactoryInitiator    : HHH000026: Second-level cache disabled
2025-11-11T11:07:56.091-05:00  INFO 7584 --- [msv1] [main] o.s.o.j.p.SpringPersistenceUnitInfo      : No LoadTimeWeaver setup: ignoring JPA class transformer
2025-11-11T11:07:56.134-05:00  INFO 7584 --- [msv1] [main] com.zaxxer.hikari.HikariDataSource       : HikariPool-1 - Starting...
2025-11-11T11:07:56.552-05:00  INFO 7584 --- [msv1] [main] com.zaxxer.hikari.pool.HikariPool        : HikariPool-1 - Added connection com.mysql.cj.jdbc.ConnectionImpl@4b22214d
2025-11-11T11:07:56.554-05:00  INFO 7584 --- [msv1] [main] com.zaxxer.hikari.HikariDataSource       : HikariPool-1 - Start completed.
2025-11-11T11:07:56.602-05:00  WARN 7584 --- [msv1] [main] org.hibernate.orm.deprecation            : HHH90000025: MySQL8Dialect does not need to be specified explicitly using 'hibernate.dialect' (remove the property setting and it will be selected by default)
2025-11-11T11:07:56.603-05:00  WARN 7584 --- [msv1] [main] org.hibernate.orm.deprecation            : HHH90000026: MySQL8Dialect has been deprecated; use org.hibernate.dialect.MySQLDialect instead
2025-11-11T11:07:56.616-05:00  INFO 7584 --- [msv1] [main] org.hibernate.orm.connections.pooling    : HHH10001005: Database info:
	Database JDBC URL [Connecting through datasource 'HikariDataSource (HikariPool-1)']
	Database driver: undefined/unknown
	Database version: 8.0
	Autocommit mode: undefined/unknown
	Isolation level: undefined/unknown
	Minimum pool size: undefined/unknown
	Maximum pool size: undefined/unknown
2025-11-11T11:07:57.328-05:00  INFO 7584 --- [msv1] [main] o.h.e.t.j.p.i.JtaPlatformInitiator       : HHH000489: No JTA platform available (set 'hibernate.transaction.jta.platform' to enable JTA platform integration)
2025-11-11T11:07:57.403-05:00  INFO 7584 --- [msv1] [main] j.LocalContainerEntityManagerFactoryBean : Initialized JPA EntityManagerFactory for persistence unit 'default'
2025-11-11T11:07:57.667-05:00  WARN 7584 --- [msv1] [main] JpaBaseConfiguration$JpaWebConfiguration : spring.jpa.open-in-view is enabled by default. Therefore, database queries may be performed during view rendering. Explicitly configure spring.jpa.open-in-view to disable this warning
2025-11-11T11:07:58.306-05:00  INFO 7584 --- [msv1] [main] o.s.b.a.e.web.EndpointLinksResolver      : Exposing 1 endpoint beneath base path '/actuator'
2025-11-11T11:07:58.388-05:00  INFO 7584 --- [msv1] [main] o.s.b.w.embedded.tomcat.TomcatWebServer  : Tomcat started on port 81 (http) with context path '/'
2025-11-11T11:07:58.399-05:00  INFO 7584 --- [msv1] [main] com.examen.msv1.Msv1Application          : Started Msv1Application in 5.857 seconds (process running for 6.469)
2025-11-11T11:07:58.939-05:00  INFO 7584 --- [msv1] [RMI TCP Connection(2)-127.0.0.1] o.a.c.c.C.[Tomcat].[localhost].[/]       : Initializing Spring DispatcherServlet 'dispatcherServlet'
2025-11-11T11:07:58.939-05:00  INFO 7584 --- [msv1] [RMI TCP Connection(2)-127.0.0.1] o.s.web.servlet.DispatcherServlet        : Initializing Servlet 'dispatcherServlet'
2025-11-11T11:07:58.941-05:00  INFO 7584 --- [msv1] [RMI TCP Connection(2)-127.0.0.1] o.s.web.servlet.DispatcherServlet        : Completed initialization in 2 ms
