2025-11-04T11:20:46.933-05:00  INFO 964 --- [msv2] [main] com.examen.msv2.Msv2Application          : Starting Msv2Application using Java 17.0.11 with PID 964 (C:\Users\user\OneDrive\Desktop\Examen_TallerDesarrollo_Sai_Chuquipiondo_Pinchi\msv2\target\classes started by user in C:\Users\user\OneDrive\Desktop\Examen_TallerDesarrollo_Sai_Chuquipiondo_Pinchi)
2025-11-04T11:20:46.959-05:00 DEBUG 964 --- [msv2] [main] com.examen.msv2.Msv2Application          : Running with Spring Boot v3.5.7, Spring v6.2.12
2025-11-04T11:20:46.962-05:00  INFO 964 --- [msv2] [main] com.examen.msv2.Msv2Application          : No active profile set, falling back to 1 default profile: "default"
2025-11-04T11:20:48.909-05:00  INFO 964 --- [msv2] [main] .s.d.r.c.RepositoryConfigurationDelegate : Bootstrapping Spring Data JPA repositories in DEFAULT mode.
2025-11-04T11:20:49.055-05:00  INFO 964 --- [msv2] [main] .s.d.r.c.RepositoryConfigurationDelegate : Finished Spring Data repository scanning in 124 ms. Found 1 JPA repository interface.
2025-11-04T11:20:50.799-05:00  INFO 964 --- [msv2] [main] o.s.b.w.embedded.tomcat.TomcatWebServer  : Tomcat initialized with port 82 (http)
2025-11-04T11:20:50.852-05:00  INFO 964 --- [msv2] [main] o.apache.catalina.core.StandardService   : Starting service [Tomcat]
2025-11-04T11:20:50.854-05:00  INFO 964 --- [msv2] [main] o.apache.catalina.core.StandardEngine    : Starting Servlet engine: [Apache Tomcat/10.1.48]
2025-11-04T11:20:51.023-05:00  INFO 964 --- [msv2] [main] o.a.c.c.C.[Tomcat].[localhost].[/]       : Initializing Spring embedded WebApplicationContext
2025-11-04T11:20:51.024-05:00  INFO 964 --- [msv2] [main] w.s.c.ServletWebServerApplicationContext : Root WebApplicationContext: initialization completed in 3928 ms
2025-11-04T11:20:51.380-05:00  INFO 964 --- [msv2] [main] com.zaxxer.hikari.HikariDataSource       : HikariPool-1 - Starting...
2025-11-04T11:20:52.046-05:00  INFO 964 --- [msv2] [main] com.zaxxer.hikari.pool.HikariPool        : HikariPool-1 - Added connection org.postgresql.jdbc.PgConnection@19bedeb8
2025-11-04T11:20:52.051-05:00  INFO 964 --- [msv2] [main] com.zaxxer.hikari.HikariDataSource       : HikariPool-1 - Start completed.
2025-11-04T11:20:52.173-05:00  INFO 964 --- [msv2] [main] o.hibernate.jpa.internal.util.LogHelper  : HHH000204: Processing PersistenceUnitInfo [name: default]
2025-11-04T11:20:52.452-05:00  INFO 964 --- [msv2] [main] org.hibernate.Version                    : HHH000412: Hibernate ORM core version 6.6.33.Final
2025-11-04T11:20:52.632-05:00  INFO 964 --- [msv2] [main] o.h.c.internal.RegionFactoryInitiator    : HHH000026: Second-level cache disabled
2025-11-04T11:20:53.837-05:00  INFO 964 --- [msv2] [main] o.s.o.j.p.SpringPersistenceUnitInfo      : No LoadTimeWeaver setup: ignoring JPA class transformer
2025-11-04T11:20:54.245-05:00  INFO 964 --- [msv2] [main] org.hibernate.orm.connections.pooling    : HHH10001005: Database info:
	Database JDBC URL [Connecting through datasource 'HikariDataSource (HikariPool-1)']
	Database driver: undefined/unknown
	Database version: 18.0
	Autocommit mode: undefined/unknown
	Isolation level: undefined/unknown
	Minimum pool size: undefined/unknown
	Maximum pool size: undefined/unknown
2025-11-04T11:20:55.932-05:00  INFO 964 --- [msv2] [main] o.h.e.t.j.p.i.JtaPlatformInitiator       : HHH000489: No JTA platform available (set 'hibernate.transaction.jta.platform' to enable JTA platform integration)
2025-11-04T11:20:55.939-05:00  INFO 964 --- [msv2] [main] j.LocalContainerEntityManagerFactoryBean : Initialized JPA EntityManagerFactory for persistence unit 'default'
2025-11-04T11:20:56.538-05:00  WARN 964 --- [msv2] [main] JpaBaseConfiguration$JpaWebConfiguration : spring.jpa.open-in-view is enabled by default. Therefore, database queries may be performed during view rendering. Explicitly configure spring.jpa.open-in-view to disable this warning
2025-11-04T11:20:57.908-05:00  INFO 964 --- [msv2] [main] o.s.b.w.embedded.tomcat.TomcatWebServer  : Tomcat started on port 82 (http) with context path '/'
2025-11-04T11:20:57.946-05:00  INFO 964 --- [msv2] [main] com.examen.msv2.Msv2Application          : Started Msv2Application in 12.274 seconds (process running for 12.875)
2025-11-04T11:21:22.200-05:00  INFO 964 --- [msv2] [http-nio-82-exec-2] o.a.c.c.C.[Tomcat].[localhost].[/]       : Initializing Spring DispatcherServlet 'dispatcherServlet'
2025-11-04T11:21:22.202-05:00  INFO 964 --- [msv2] [http-nio-82-exec-2] o.s.web.servlet.DispatcherServlet        : Initializing Servlet 'dispatcherServlet'
2025-11-04T11:21:22.206-05:00  INFO 964 --- [msv2] [http-nio-82-exec-2] o.s.web.servlet.DispatcherServlet        : Completed initialization in 2 ms
2025-11-04T11:21:22.758-05:00  INFO 964 --- [msv2] [http-nio-82-exec-2] c.e.msv2.controller.clienteController    : Usuarios obtenidos exitosamente, total: 3
